2018-06-19 16:29:46 1196 [restartedMain] INFO  com.hlc.sell.SellApplication - Starting SellApplication on LAPTOP-0K25HBL2 with PID 10192 (D:\spring\wesell\target\classes started by rjyx in D:\spring\wesell)
2018-06-19 16:29:46 1204 [restartedMain] INFO  com.hlc.sell.SellApplication - No active profile set, falling back to default profiles: default
2018-06-19 16:29:46 1492 [restartedMain] INFO  o.s.b.w.s.c.AnnotationConfigServletWebServerApplicationContext - Refreshing org.springframework.boot.web.servlet.context.AnnotationConfigServletWebServerApplicationContext@74495942: startup date [Tue Jun 19 16:29:46 CST 2018]; root of context hierarchy
2018-06-19 16:29:47 2409 [restartedMain] INFO  o.s.b.f.s.DefaultListableBeanFactory - Overriding bean definition for bean 'filterRegistrationBean' with a different definition: replacing [Root bean: class [null]; scope=; abstract=false; lazyInit=false; autowireMode=3; dependencyCheck=0; autowireCandidate=true; primary=false; factoryBeanName=druidConfig; factoryMethodName=filterRegistrationBean; initMethodName=null; destroyMethodName=(inferred); defined in class path resource [com/hlc/sell/config/DruidConfig.class]] with [Root bean: class [null]; scope=; abstract=false; lazyInit=false; autowireMode=3; dependencyCheck=0; autowireCandidate=true; primary=false; factoryBeanName=com.alibaba.druid.spring.boot.autoconfigure.DruidWebStatFilterConfiguration; factoryMethodName=filterRegistrationBean; initMethodName=null; destroyMethodName=(inferred); defined in class path resource [com/alibaba/druid/spring/boot/autoconfigure/DruidWebStatFilterConfiguration.class]]
2018-06-19 16:29:48 3239 [restartedMain] INFO  o.s.b.w.e.tomcat.TomcatWebServer - Tomcat initialized with port(s): 9996 (http)
2018-06-19 16:29:48 3254 [restartedMain] INFO  o.a.coyote.http11.Http11NioProtocol - Initializing ProtocolHandler ["http-nio-9996"]
2018-06-19 16:29:48 3266 [restartedMain] INFO  o.a.catalina.core.StandardService - Starting service [Tomcat]
2018-06-19 16:29:48 3266 [restartedMain] INFO  o.a.catalina.core.StandardEngine - Starting Servlet Engine: Apache Tomcat/8.5.31
2018-06-19 16:29:48 3270 [localhost-startStop-1] INFO  o.a.c.core.AprLifecycleListener - The APR based Apache Tomcat Native library which allows optimal performance in production environments was not found on the java.library.path: [C:\Program Files\Java\jdk1.8.0_151\bin;C:\WINDOWS\Sun\Java\bin;C:\WINDOWS\system32;C:\WINDOWS;C:\ProgramData\Oracle\Java\javapath;C:\Program Files (x86)\Intel\iCLS Client\;C:\Program Files\Intel\iCLS Client\;C:\WINDOWS\system32;C:\WINDOWS;C:\WINDOWS\System32\Wbem;C:\WINDOWS\System32\WindowsPowerShell\v1.0\;C:\Program Files (x86)\Intel\Intel(R) Management Engine Components\DAL;C:\Program Files\Intel\Intel(R) Management Engine Components\DAL;C:\Program Files (x86)\Intel\Intel(R) Management Engine Components\IPT;C:\Program Files\Intel\Intel(R) Management Engine Components\IPT;C:\Program Files\Microsoft SQL Server\110\DTS\Binn\;C:\Program Files (x86)\Microsoft SQL Server\110\Tools\Binn\;C:\Program Files\Microsoft SQL Server\110\Tools\Binn\;C:\Program Files (x86)\Microsoft SQL Server\110\Tools\Binn\ManagementStudio\;C:\Program Files (x86)\Microsoft Visual Studio 10.0\Common7\IDE\PrivateAssemblies\;C:\Program Files (x86)\Microsoft SQL Server\110\DTS\Binn\;C:\Users\rjyx.000\.dnx\bin;C:\Program Files\Microsoft DNX\Dnvm\;C:\Program Files\Microsoft SQL Server\120\Tools\Binn\;"C:\Program Files\Java\jdk1.8.0_151\bin;C:\Program Files\Java\jdk1.8.0_151\jre\bin;";"C:\Program Files\Apache Software Foundation\Tomcat 8.5\lib;C:\Program Files\Apache Software Foundation\Tomcat 8.5\bin";C:\Program Files (x86)\NVIDIA Corporation\PhysX\Common;C:\Program Files\Microsoft SQL Server\130\Tools\Binn\;C:\Program Files\nodejs\;D:\mongodb\bin;D:\node\node-global;C:\Program Files\Intel\WiFi\bin\;C:\Program Files\Common Files\Intel\WirelessCommon\;C:\WINDOWS\system32;C:\WINDOWS;C:\WINDOWS\System32\Wbem;C:\WINDOWS\System32\WindowsPowerShell\v1.0\;C:\WINDOWS\System32\OpenSSH\;C:\Users\rjyx.000\AppData\Local\Microsoft\WindowsApps;C:\Program Files\nodejs\node_modules\npm;D:\node\node-global\;;.]
2018-06-19 16:29:48 3391 [localhost-startStop-1] INFO  o.a.c.c.C.[Tomcat].[localhost].[/] - Initializing Spring embedded WebApplicationContext
2018-06-19 16:29:48 3392 [localhost-startStop-1] INFO  o.s.web.context.ContextLoader - Root WebApplicationContext: initialization completed in 1900 ms
2018-06-19 16:29:49 3595 [localhost-startStop-1] INFO  o.s.b.w.s.ServletRegistrationBean - Servlet statViewServlet mapped to [/druid/*]
2018-06-19 16:29:49 3597 [localhost-startStop-1] INFO  o.s.b.w.s.ServletRegistrationBean - Servlet dispatcherServlet mapped to [/]
2018-06-19 16:29:49 3597 [localhost-startStop-1] INFO  o.s.b.w.s.ServletRegistrationBean - Servlet statViewServlet mapped to [/druid/*]
2018-06-19 16:29:49 3597 [localhost-startStop-1] INFO  o.s.b.web.servlet.RegistrationBean - Servlet statViewServlet was not registered (possibly already registered?)
2018-06-19 16:29:49 3600 [localhost-startStop-1] INFO  o.s.b.w.s.FilterRegistrationBean - Mapping filter: 'characterEncodingFilter' to: [/*]
2018-06-19 16:29:49 3601 [localhost-startStop-1] INFO  o.s.b.w.s.FilterRegistrationBean - Mapping filter: 'webStatFilter' to urls: [/*]
2018-06-19 16:29:50 4600 [restartedMain] INFO  c.a.druid.pool.DruidDataSource - {dataSource-1} inited
2018-06-19 16:29:50 4856 [restartedMain] INFO  o.s.w.s.m.m.a.RequestMappingHandlerMapping - Mapped "{[/buyer/order/create]}" onto public java.lang.String com.hlc.sell.controller.BuyerOrderController.create(javax.servlet.http.HttpServletRequest,org.springframework.ui.Model)
2018-06-19 16:29:50 4858 [restartedMain] INFO  o.s.w.s.m.m.a.RequestMappingHandlerMapping - Mapped "{[/file]}" onto public java.lang.String com.hlc.sell.controller.FileUploadController.file()
2018-06-19 16:29:50 4859 [restartedMain] INFO  o.s.w.s.m.m.a.RequestMappingHandlerMapping - Mapped "{[/fileUpload]}" onto public java.lang.String com.hlc.sell.controller.FileUploadController.fileUpload(org.springframework.web.multipart.MultipartFile)
2018-06-19 16:29:50 4859 [restartedMain] INFO  o.s.w.s.m.m.a.RequestMappingHandlerMapping - Mapped "{[/multifileUpload],methods=[POST]}" onto public java.lang.String com.hlc.sell.controller.FileUploadController.multifileUpload(javax.servlet.http.HttpServletRequest)
2018-06-19 16:29:50 4859 [restartedMain] INFO  o.s.w.s.m.m.a.RequestMappingHandlerMapping - Mapped "{[/download],methods=[POST]}" onto public java.lang.String com.hlc.sell.controller.FileUploadController.Download()
2018-06-19 16:29:50 4859 [restartedMain] INFO  o.s.w.s.m.m.a.RequestMappingHandlerMapping - Mapped "{[/multifile]}" onto public java.lang.String com.hlc.sell.controller.FileUploadController.multifile()
2018-06-19 16:29:50 4859 [restartedMain] INFO  o.s.w.s.m.m.a.RequestMappingHandlerMapping - Mapped "{[/downfile],methods=[POST]}" onto public void com.hlc.sell.controller.FileUploadController.downloadFile(org.springframework.web.multipart.MultipartFile,javax.servlet.http.HttpServletResponse)
2018-06-19 16:29:50 4860 [restartedMain] INFO  o.s.w.s.m.m.a.RequestMappingHandlerMapping - Mapped "{[/index]}" onto private java.lang.String com.hlc.sell.controller.HelloController.index()
2018-06-19 16:29:50 4864 [restartedMain] INFO  o.s.w.s.m.m.a.RequestMappingHandlerMapping - Mapped "{[/error]}" onto public org.springframework.http.ResponseEntity<java.util.Map<java.lang.String, java.lang.Object>> org.springframework.boot.autoconfigure.web.servlet.error.BasicErrorController.error(javax.servlet.http.HttpServletRequest)
2018-06-19 16:29:50 4865 [restartedMain] INFO  o.s.w.s.m.m.a.RequestMappingHandlerMapping - Mapped "{[/error],produces=[text/html]}" onto public org.springframework.web.servlet.ModelAndView org.springframework.boot.autoconfigure.web.servlet.error.BasicErrorController.errorHtml(javax.servlet.http.HttpServletRequest,javax.servlet.http.HttpServletResponse)
2018-06-19 16:29:50 4924 [restartedMain] INFO  o.s.w.s.m.m.a.RequestMappingHandlerAdapter - Looking for @ControllerAdvice: org.springframework.boot.web.servlet.context.AnnotationConfigServletWebServerApplicationContext@74495942: startup date [Tue Jun 19 16:29:46 CST 2018]; root of context hierarchy
2018-06-19 16:29:50 5024 [restartedMain] INFO  t.m.m.a.MapperCacheDisabler - Clear tk.mybatis.mapper.util.MsUtil CLASS_CACHE cache.
2018-06-19 16:29:50 5025 [restartedMain] INFO  t.m.m.a.MapperCacheDisabler - Clear tk.mybatis.mapper.genid.GenIdUtil CACHE cache.
2018-06-19 16:29:50 5025 [restartedMain] INFO  t.m.m.a.MapperCacheDisabler - Clear tk.mybatis.mapper.version.VersionUtil CACHE cache.
2018-06-19 16:29:50 5027 [restartedMain] INFO  t.m.m.a.MapperCacheDisabler - Clear EntityHelper entityTableMap cache.
2018-06-19 16:29:50 5503 [restartedMain] INFO  o.s.b.d.a.OptionalLiveReloadServer - LiveReload server is running on port 35729
2018-06-19 16:29:51 5548 [restartedMain] INFO  o.s.j.e.a.AnnotationMBeanExporter - Registering beans for JMX exposure on startup
2018-06-19 16:29:51 5549 [restartedMain] INFO  o.s.j.e.a.AnnotationMBeanExporter - Bean with name 'druidDataSource' has been autodetected for JMX exposure
2018-06-19 16:29:51 5555 [restartedMain] INFO  o.s.j.e.a.AnnotationMBeanExporter - Located MBean 'druidDataSource': registering with JMX server as MBean [com.alibaba.druid.pool:name=druidDataSource,type=DruidDataSource]
2018-06-19 16:29:51 5569 [restartedMain] INFO  o.a.coyote.http11.Http11NioProtocol - Starting ProtocolHandler ["http-nio-9996"]
2018-06-19 16:29:51 5577 [restartedMain] INFO  o.a.tomcat.util.net.NioSelectorPool - Using a shared selector for servlet write/read
2018-06-19 16:29:51 5592 [restartedMain] INFO  o.s.b.w.e.tomcat.TomcatWebServer - Tomcat started on port(s): 9996 (http) with context path ''
2018-06-19 16:29:51 5597 [restartedMain] INFO  com.hlc.sell.SellApplication - Started SellApplication in 5.199 seconds (JVM running for 8.656)
2018-06-19 16:29:54 9478 [http-nio-9996-exec-1] INFO  o.a.c.c.C.[Tomcat].[localhost].[/] - Initializing Spring FrameworkServlet 'dispatcherServlet'
2018-06-19 16:29:54 9478 [http-nio-9996-exec-1] INFO  o.s.web.servlet.DispatcherServlet - FrameworkServlet 'dispatcherServlet': initialization started
2018-06-19 16:29:54 9498 [http-nio-9996-exec-1] INFO  o.s.web.servlet.DispatcherServlet - FrameworkServlet 'dispatcherServlet': initialization completed in 20 ms
2018-06-19 16:30:30 1149 [restartedMain] INFO  com.hlc.sell.SellApplication - Starting SellApplication on LAPTOP-0K25HBL2 with PID 4124 (D:\spring\wesell\target\classes started by rjyx in D:\spring\wesell)
2018-06-19 16:30:30 1152 [restartedMain] INFO  com.hlc.sell.SellApplication - No active profile set, falling back to default profiles: default
2018-06-19 16:30:30 1317 [restartedMain] INFO  o.s.b.w.s.c.AnnotationConfigServletWebServerApplicationContext - Refreshing org.springframework.boot.web.servlet.context.AnnotationConfigServletWebServerApplicationContext@7f50b03f: startup date [Tue Jun 19 16:30:30 CST 2018]; root of context hierarchy
2018-06-19 16:30:31 2356 [restartedMain] INFO  o.s.b.f.s.DefaultListableBeanFactory - Overriding bean definition for bean 'filterRegistrationBean' with a different definition: replacing [Root bean: class [null]; scope=; abstract=false; lazyInit=false; autowireMode=3; dependencyCheck=0; autowireCandidate=true; primary=false; factoryBeanName=druidConfig; factoryMethodName=filterRegistrationBean; initMethodName=null; destroyMethodName=(inferred); defined in class path resource [com/hlc/sell/config/DruidConfig.class]] with [Root bean: class [null]; scope=; abstract=false; lazyInit=false; autowireMode=3; dependencyCheck=0; autowireCandidate=true; primary=false; factoryBeanName=com.alibaba.druid.spring.boot.autoconfigure.DruidWebStatFilterConfiguration; factoryMethodName=filterRegistrationBean; initMethodName=null; destroyMethodName=(inferred); defined in class path resource [com/alibaba/druid/spring/boot/autoconfigure/DruidWebStatFilterConfiguration.class]]
2018-06-19 16:30:32 3288 [restartedMain] INFO  o.s.b.w.e.tomcat.TomcatWebServer - Tomcat initialized with port(s): 9996 (http)
2018-06-19 16:30:32 3304 [restartedMain] INFO  o.a.coyote.http11.Http11NioProtocol - Initializing ProtocolHandler ["http-nio-9996"]
2018-06-19 16:30:32 3316 [restartedMain] INFO  o.a.catalina.core.StandardService - Starting service [Tomcat]
2018-06-19 16:30:32 3317 [restartedMain] INFO  o.a.catalina.core.StandardEngine - Starting Servlet Engine: Apache Tomcat/8.5.31
2018-06-19 16:30:32 3322 [localhost-startStop-1] INFO  o.a.c.core.AprLifecycleListener - The APR based Apache Tomcat Native library which allows optimal performance in production environments was not found on the java.library.path: [C:\Program Files\Java\jdk1.8.0_151\bin;C:\WINDOWS\Sun\Java\bin;C:\WINDOWS\system32;C:\WINDOWS;C:\ProgramData\Oracle\Java\javapath;C:\Program Files (x86)\Intel\iCLS Client\;C:\Program Files\Intel\iCLS Client\;C:\WINDOWS\system32;C:\WINDOWS;C:\WINDOWS\System32\Wbem;C:\WINDOWS\System32\WindowsPowerShell\v1.0\;C:\Program Files (x86)\Intel\Intel(R) Management Engine Components\DAL;C:\Program Files\Intel\Intel(R) Management Engine Components\DAL;C:\Program Files (x86)\Intel\Intel(R) Management Engine Components\IPT;C:\Program Files\Intel\Intel(R) Management Engine Components\IPT;C:\Program Files\Microsoft SQL Server\110\DTS\Binn\;C:\Program Files (x86)\Microsoft SQL Server\110\Tools\Binn\;C:\Program Files\Microsoft SQL Server\110\Tools\Binn\;C:\Program Files (x86)\Microsoft SQL Server\110\Tools\Binn\ManagementStudio\;C:\Program Files (x86)\Microsoft Visual Studio 10.0\Common7\IDE\PrivateAssemblies\;C:\Program Files (x86)\Microsoft SQL Server\110\DTS\Binn\;C:\Users\rjyx.000\.dnx\bin;C:\Program Files\Microsoft DNX\Dnvm\;C:\Program Files\Microsoft SQL Server\120\Tools\Binn\;"C:\Program Files\Java\jdk1.8.0_151\bin;C:\Program Files\Java\jdk1.8.0_151\jre\bin;";"C:\Program Files\Apache Software Foundation\Tomcat 8.5\lib;C:\Program Files\Apache Software Foundation\Tomcat 8.5\bin";C:\Program Files (x86)\NVIDIA Corporation\PhysX\Common;C:\Program Files\Microsoft SQL Server\130\Tools\Binn\;C:\Program Files\nodejs\;D:\mongodb\bin;D:\node\node-global;C:\Program Files\Intel\WiFi\bin\;C:\Program Files\Common Files\Intel\WirelessCommon\;C:\WINDOWS\system32;C:\WINDOWS;C:\WINDOWS\System32\Wbem;C:\WINDOWS\System32\WindowsPowerShell\v1.0\;C:\WINDOWS\System32\OpenSSH\;C:\Users\rjyx.000\AppData\Local\Microsoft\WindowsApps;C:\Program Files\nodejs\node_modules\npm;D:\node\node-global\;;.]
2018-06-19 16:30:32 3452 [localhost-startStop-1] INFO  o.a.c.c.C.[Tomcat].[localhost].[/] - Initializing Spring embedded WebApplicationContext
2018-06-19 16:30:32 3452 [localhost-startStop-1] INFO  o.s.web.context.ContextLoader - Root WebApplicationContext: initialization completed in 2135 ms
2018-06-19 16:30:32 3667 [localhost-startStop-1] INFO  o.s.b.w.s.ServletRegistrationBean - Servlet statViewServlet mapped to [/druid/*]
2018-06-19 16:30:32 3669 [localhost-startStop-1] INFO  o.s.b.w.s.ServletRegistrationBean - Servlet dispatcherServlet mapped to [/]
2018-06-19 16:30:32 3669 [localhost-startStop-1] INFO  o.s.b.w.s.ServletRegistrationBean - Servlet statViewServlet mapped to [/druid/*]
2018-06-19 16:30:32 3669 [localhost-startStop-1] INFO  o.s.b.web.servlet.RegistrationBean - Servlet statViewServlet was not registered (possibly already registered?)
2018-06-19 16:30:32 3672 [localhost-startStop-1] INFO  o.s.b.w.s.FilterRegistrationBean - Mapping filter: 'characterEncodingFilter' to: [/*]
2018-06-19 16:30:32 3673 [localhost-startStop-1] INFO  o.s.b.w.s.FilterRegistrationBean - Mapping filter: 'webStatFilter' to urls: [/*]
2018-06-19 16:30:33 4112 [restartedMain] INFO  c.a.druid.pool.DruidDataSource - {dataSource-1} inited
2018-06-19 16:30:33 4353 [restartedMain] INFO  o.s.w.s.m.m.a.RequestMappingHandlerMapping - Mapped "{[/buyer/order/create]}" onto public java.lang.String com.hlc.sell.controller.BuyerOrderController.create(javax.servlet.http.HttpServletRequest,org.springframework.ui.Model)
2018-06-19 16:30:33 4355 [restartedMain] INFO  o.s.w.s.m.m.a.RequestMappingHandlerMapping - Mapped "{[/file]}" onto public java.lang.String com.hlc.sell.controller.FileUploadController.file()
2018-06-19 16:30:33 4355 [restartedMain] INFO  o.s.w.s.m.m.a.RequestMappingHandlerMapping - Mapped "{[/downfile],methods=[POST]}" onto public void com.hlc.sell.controller.FileUploadController.downloadFile(org.springframework.web.multipart.MultipartFile,javax.servlet.http.HttpServletResponse)
2018-06-19 16:30:33 4355 [restartedMain] INFO  o.s.w.s.m.m.a.RequestMappingHandlerMapping - Mapped "{[/multifileUpload],methods=[POST]}" onto public java.lang.String com.hlc.sell.controller.FileUploadController.multifileUpload(javax.servlet.http.HttpServletRequest)
2018-06-19 16:30:33 4355 [restartedMain] INFO  o.s.w.s.m.m.a.RequestMappingHandlerMapping - Mapped "{[/multifile]}" onto public java.lang.String com.hlc.sell.controller.FileUploadController.multifile()
2018-06-19 16:30:33 4355 [restartedMain] INFO  o.s.w.s.m.m.a.RequestMappingHandlerMapping - Mapped "{[/fileUpload]}" onto public java.lang.String com.hlc.sell.controller.FileUploadController.fileUpload(org.springframework.web.multipart.MultipartFile)
2018-06-19 16:30:33 4356 [restartedMain] INFO  o.s.w.s.m.m.a.RequestMappingHandlerMapping - Mapped "{[/download],methods=[GET]}" onto public java.lang.String com.hlc.sell.controller.FileUploadController.Download()
2018-06-19 16:30:33 4356 [restartedMain] INFO  o.s.w.s.m.m.a.RequestMappingHandlerMapping - Mapped "{[/index]}" onto private java.lang.String com.hlc.sell.controller.HelloController.index()
2018-06-19 16:30:33 4367 [restartedMain] INFO  o.s.w.s.m.m.a.RequestMappingHandlerMapping - Mapped "{[/error]}" onto public org.springframework.http.ResponseEntity<java.util.Map<java.lang.String, java.lang.Object>> org.springframework.boot.autoconfigure.web.servlet.error.BasicErrorController.error(javax.servlet.http.HttpServletRequest)
2018-06-19 16:30:33 4368 [restartedMain] INFO  o.s.w.s.m.m.a.RequestMappingHandlerMapping - Mapped "{[/error],produces=[text/html]}" onto public org.springframework.web.servlet.ModelAndView org.springframework.boot.autoconfigure.web.servlet.error.BasicErrorController.errorHtml(javax.servlet.http.HttpServletRequest,javax.servlet.http.HttpServletResponse)
2018-06-19 16:30:33 4451 [restartedMain] INFO  o.s.w.s.m.m.a.RequestMappingHandlerAdapter - Looking for @ControllerAdvice: org.springframework.boot.web.servlet.context.AnnotationConfigServletWebServerApplicationContext@7f50b03f: startup date [Tue Jun 19 16:30:30 CST 2018]; root of context hierarchy
2018-06-19 16:30:33 4624 [restartedMain] INFO  t.m.m.a.MapperCacheDisabler - Clear tk.mybatis.mapper.util.MsUtil CLASS_CACHE cache.
2018-06-19 16:30:33 4624 [restartedMain] INFO  t.m.m.a.MapperCacheDisabler - Clear tk.mybatis.mapper.genid.GenIdUtil CACHE cache.
2018-06-19 16:30:33 4625 [restartedMain] INFO  t.m.m.a.MapperCacheDisabler - Clear tk.mybatis.mapper.version.VersionUtil CACHE cache.
2018-06-19 16:30:33 4628 [restartedMain] INFO  t.m.m.a.MapperCacheDisabler - Clear EntityHelper entityTableMap cache.
2018-06-19 16:30:34 5114 [restartedMain] INFO  o.s.b.d.a.OptionalLiveReloadServer - LiveReload server is running on port 35729
2018-06-19 16:30:34 5169 [restartedMain] INFO  o.s.j.e.a.AnnotationMBeanExporter - Registering beans for JMX exposure on startup
2018-06-19 16:30:34 5170 [restartedMain] INFO  o.s.j.e.a.AnnotationMBeanExporter - Bean with name 'druidDataSource' has been autodetected for JMX exposure
2018-06-19 16:30:34 5194 [restartedMain] INFO  o.s.j.e.a.AnnotationMBeanExporter - Located MBean 'druidDataSource': registering with JMX server as MBean [com.alibaba.druid.pool:name=druidDataSource,type=DruidDataSource]
2018-06-19 16:30:34 5218 [restartedMain] INFO  o.a.coyote.http11.Http11NioProtocol - Starting ProtocolHandler ["http-nio-9996"]
2018-06-19 16:30:34 5233 [restartedMain] INFO  o.a.tomcat.util.net.NioSelectorPool - Using a shared selector for servlet write/read
2018-06-19 16:30:34 5254 [restartedMain] INFO  o.s.b.w.e.tomcat.TomcatWebServer - Tomcat started on port(s): 9996 (http) with context path ''
2018-06-19 16:30:34 5258 [restartedMain] INFO  com.hlc.sell.SellApplication - Started SellApplication in 4.94 seconds (JVM running for 7.481)
2018-06-19 16:30:34 5475 [http-nio-9996-exec-1] INFO  o.a.c.c.C.[Tomcat].[localhost].[/] - Initializing Spring FrameworkServlet 'dispatcherServlet'
2018-06-19 16:30:34 5475 [http-nio-9996-exec-1] INFO  o.s.web.servlet.DispatcherServlet - FrameworkServlet 'dispatcherServlet': initialization started
2018-06-19 16:30:34 5505 [http-nio-9996-exec-1] INFO  o.s.web.servlet.DispatcherServlet - FrameworkServlet 'dispatcherServlet': initialization completed in 30 ms
2018-06-19 16:31:49 1270 [restartedMain] INFO  com.hlc.sell.SellApplication - Starting SellApplication on LAPTOP-0K25HBL2 with PID 20280 (D:\spring\wesell\target\classes started by rjyx in D:\spring\wesell)
2018-06-19 16:31:49 1337 [restartedMain] INFO  com.hlc.sell.SellApplication - No active profile set, falling back to default profiles: default
2018-06-19 16:31:50 1514 [restartedMain] INFO  o.s.b.w.s.c.AnnotationConfigServletWebServerApplicationContext - Refreshing org.springframework.boot.web.servlet.context.AnnotationConfigServletWebServerApplicationContext@60e7f007: startup date [Tue Jun 19 16:31:50 CST 2018]; root of context hierarchy
2018-06-19 16:31:50 2315 [restartedMain] INFO  o.s.b.f.s.DefaultListableBeanFactory - Overriding bean definition for bean 'filterRegistrationBean' with a different definition: replacing [Root bean: class [null]; scope=; abstract=false; lazyInit=false; autowireMode=3; dependencyCheck=0; autowireCandidate=true; primary=false; factoryBeanName=druidConfig; factoryMethodName=filterRegistrationBean; initMethodName=null; destroyMethodName=(inferred); defined in class path resource [com/hlc/sell/config/DruidConfig.class]] with [Root bean: class [null]; scope=; abstract=false; lazyInit=false; autowireMode=3; dependencyCheck=0; autowireCandidate=true; primary=false; factoryBeanName=com.alibaba.druid.spring.boot.autoconfigure.DruidWebStatFilterConfiguration; factoryMethodName=filterRegistrationBean; initMethodName=null; destroyMethodName=(inferred); defined in class path resource [com/alibaba/druid/spring/boot/autoconfigure/DruidWebStatFilterConfiguration.class]]
2018-06-19 16:31:51 3395 [restartedMain] INFO  o.s.b.w.e.tomcat.TomcatWebServer - Tomcat initialized with port(s): 9996 (http)
2018-06-19 16:31:51 3414 [restartedMain] INFO  o.a.coyote.http11.Http11NioProtocol - Initializing ProtocolHandler ["http-nio-9996"]
2018-06-19 16:31:51 3427 [restartedMain] INFO  o.a.catalina.core.StandardService - Starting service [Tomcat]
2018-06-19 16:31:51 3428 [restartedMain] INFO  o.a.catalina.core.StandardEngine - Starting Servlet Engine: Apache Tomcat/8.5.31
2018-06-19 16:31:52 3432 [localhost-startStop-1] INFO  o.a.c.core.AprLifecycleListener - The APR based Apache Tomcat Native library which allows optimal performance in production environments was not found on the java.library.path: [C:\Program Files\Java\jdk1.8.0_151\bin;C:\WINDOWS\Sun\Java\bin;C:\WINDOWS\system32;C:\WINDOWS;C:\ProgramData\Oracle\Java\javapath;C:\Program Files (x86)\Intel\iCLS Client\;C:\Program Files\Intel\iCLS Client\;C:\WINDOWS\system32;C:\WINDOWS;C:\WINDOWS\System32\Wbem;C:\WINDOWS\System32\WindowsPowerShell\v1.0\;C:\Program Files (x86)\Intel\Intel(R) Management Engine Components\DAL;C:\Program Files\Intel\Intel(R) Management Engine Components\DAL;C:\Program Files (x86)\Intel\Intel(R) Management Engine Components\IPT;C:\Program Files\Intel\Intel(R) Management Engine Components\IPT;C:\Program Files\Microsoft SQL Server\110\DTS\Binn\;C:\Program Files (x86)\Microsoft SQL Server\110\Tools\Binn\;C:\Program Files\Microsoft SQL Server\110\Tools\Binn\;C:\Program Files (x86)\Microsoft SQL Server\110\Tools\Binn\ManagementStudio\;C:\Program Files (x86)\Microsoft Visual Studio 10.0\Common7\IDE\PrivateAssemblies\;C:\Program Files (x86)\Microsoft SQL Server\110\DTS\Binn\;C:\Users\rjyx.000\.dnx\bin;C:\Program Files\Microsoft DNX\Dnvm\;C:\Program Files\Microsoft SQL Server\120\Tools\Binn\;"C:\Program Files\Java\jdk1.8.0_151\bin;C:\Program Files\Java\jdk1.8.0_151\jre\bin;";"C:\Program Files\Apache Software Foundation\Tomcat 8.5\lib;C:\Program Files\Apache Software Foundation\Tomcat 8.5\bin";C:\Program Files (x86)\NVIDIA Corporation\PhysX\Common;C:\Program Files\Microsoft SQL Server\130\Tools\Binn\;C:\Program Files\nodejs\;D:\mongodb\bin;D:\node\node-global;C:\Program Files\Intel\WiFi\bin\;C:\Program Files\Common Files\Intel\WirelessCommon\;C:\WINDOWS\system32;C:\WINDOWS;C:\WINDOWS\System32\Wbem;C:\WINDOWS\System32\WindowsPowerShell\v1.0\;C:\WINDOWS\System32\OpenSSH\;C:\Users\rjyx.000\AppData\Local\Microsoft\WindowsApps;C:\Program Files\nodejs\node_modules\npm;D:\node\node-global\;;.]
2018-06-19 16:31:52 3731 [localhost-startStop-1] INFO  o.a.c.c.C.[Tomcat].[localhost].[/] - Initializing Spring embedded WebApplicationContext
2018-06-19 16:31:52 3731 [localhost-startStop-1] INFO  o.s.web.context.ContextLoader - Root WebApplicationContext: initialization completed in 2217 ms
2018-06-19 16:31:52 4037 [localhost-startStop-1] INFO  o.s.b.w.s.ServletRegistrationBean - Servlet statViewServlet mapped to [/druid/*]
2018-06-19 16:31:52 4039 [localhost-startStop-1] INFO  o.s.b.w.s.ServletRegistrationBean - Servlet dispatcherServlet mapped to [/]
2018-06-19 16:31:52 4040 [localhost-startStop-1] INFO  o.s.b.w.s.ServletRegistrationBean - Servlet statViewServlet mapped to [/druid/*]
2018-06-19 16:31:52 4041 [localhost-startStop-1] INFO  o.s.b.web.servlet.RegistrationBean - Servlet statViewServlet was not registered (possibly already registered?)
2018-06-19 16:31:52 4046 [localhost-startStop-1] INFO  o.s.b.w.s.FilterRegistrationBean - Mapping filter: 'characterEncodingFilter' to: [/*]
2018-06-19 16:31:52 4046 [localhost-startStop-1] INFO  o.s.b.w.s.FilterRegistrationBean - Mapping filter: 'webStatFilter' to urls: [/*]
2018-06-19 16:31:53 4729 [restartedMain] INFO  c.a.druid.pool.DruidDataSource - {dataSource-1} inited
2018-06-19 16:31:53 5120 [restartedMain] INFO  o.s.w.s.m.m.a.RequestMappingHandlerMapping - Mapped "{[/buyer/order/create]}" onto public java.lang.String com.hlc.sell.controller.BuyerOrderController.create(javax.servlet.http.HttpServletRequest,org.springframework.ui.Model)
2018-06-19 16:31:53 5122 [restartedMain] INFO  o.s.w.s.m.m.a.RequestMappingHandlerMapping - Mapped "{[/file]}" onto public java.lang.String com.hlc.sell.controller.FileUploadController.file()
2018-06-19 16:31:53 5122 [restartedMain] INFO  o.s.w.s.m.m.a.RequestMappingHandlerMapping - Mapped "{[/multifileUpload],methods=[POST]}" onto public java.lang.String com.hlc.sell.controller.FileUploadController.multifileUpload(javax.servlet.http.HttpServletRequest)
2018-06-19 16:31:53 5122 [restartedMain] INFO  o.s.w.s.m.m.a.RequestMappingHandlerMapping - Mapped "{[/downfile],methods=[POST]}" onto public void com.hlc.sell.controller.FileUploadController.downloadFile(org.springframework.web.multipart.MultipartFile,javax.servlet.http.HttpServletResponse)
2018-06-19 16:31:53 5122 [restartedMain] INFO  o.s.w.s.m.m.a.RequestMappingHandlerMapping - Mapped "{[/multifile]}" onto public java.lang.String com.hlc.sell.controller.FileUploadController.multifile()
2018-06-19 16:31:53 5124 [restartedMain] INFO  o.s.w.s.m.m.a.RequestMappingHandlerMapping - Mapped "{[/download],methods=[GET]}" onto public java.lang.String com.hlc.sell.controller.FileUploadController.Download()
2018-06-19 16:31:53 5128 [restartedMain] INFO  o.s.w.s.m.m.a.RequestMappingHandlerMapping - Mapped "{[/fileUpload]}" onto public java.lang.String com.hlc.sell.controller.FileUploadController.fileUpload(org.springframework.web.multipart.MultipartFile)
2018-06-19 16:31:53 5129 [restartedMain] INFO  o.s.w.s.m.m.a.RequestMappingHandlerMapping - Mapped "{[/index]}" onto private java.lang.String com.hlc.sell.controller.HelloController.index()
2018-06-19 16:31:53 5141 [restartedMain] INFO  o.s.w.s.m.m.a.RequestMappingHandlerMapping - Mapped "{[/error]}" onto public org.springframework.http.ResponseEntity<java.util.Map<java.lang.String, java.lang.Object>> org.springframework.boot.autoconfigure.web.servlet.error.BasicErrorController.error(javax.servlet.http.HttpServletRequest)
2018-06-19 16:31:53 5143 [restartedMain] INFO  o.s.w.s.m.m.a.RequestMappingHandlerMapping - Mapped "{[/error],produces=[text/html]}" onto public org.springframework.web.servlet.ModelAndView org.springframework.boot.autoconfigure.web.servlet.error.BasicErrorController.errorHtml(javax.servlet.http.HttpServletRequest,javax.servlet.http.HttpServletResponse)
2018-06-19 16:31:53 5248 [restartedMain] INFO  o.s.w.s.m.m.a.RequestMappingHandlerAdapter - Looking for @ControllerAdvice: org.springframework.boot.web.servlet.context.AnnotationConfigServletWebServerApplicationContext@60e7f007: startup date [Tue Jun 19 16:31:50 CST 2018]; root of context hierarchy
2018-06-19 16:31:54 5492 [restartedMain] INFO  t.m.m.a.MapperCacheDisabler - Clear tk.mybatis.mapper.util.MsUtil CLASS_CACHE cache.
2018-06-19 16:31:54 5492 [restartedMain] INFO  t.m.m.a.MapperCacheDisabler - Clear tk.mybatis.mapper.genid.GenIdUtil CACHE cache.
2018-06-19 16:31:54 5493 [restartedMain] INFO  t.m.m.a.MapperCacheDisabler - Clear tk.mybatis.mapper.version.VersionUtil CACHE cache.
2018-06-19 16:31:54 5495 [restartedMain] INFO  t.m.m.a.MapperCacheDisabler - Clear EntityHelper entityTableMap cache.
2018-06-19 16:31:54 5922 [restartedMain] INFO  o.s.b.d.a.OptionalLiveReloadServer - LiveReload server is running on port 35729
2018-06-19 16:31:54 5971 [restartedMain] INFO  o.s.j.e.a.AnnotationMBeanExporter - Registering beans for JMX exposure on startup
2018-06-19 16:31:54 5971 [restartedMain] INFO  o.s.j.e.a.AnnotationMBeanExporter - Bean with name 'druidDataSource' has been autodetected for JMX exposure
2018-06-19 16:31:54 5978 [restartedMain] INFO  o.s.j.e.a.AnnotationMBeanExporter - Located MBean 'druidDataSource': registering with JMX server as MBean [com.alibaba.druid.pool:name=druidDataSource,type=DruidDataSource]
2018-06-19 16:31:54 5991 [restartedMain] INFO  o.a.coyote.http11.Http11NioProtocol - Starting ProtocolHandler ["http-nio-9996"]
2018-06-19 16:31:54 6003 [restartedMain] INFO  o.a.tomcat.util.net.NioSelectorPool - Using a shared selector for servlet write/read
2018-06-19 16:31:54 6019 [restartedMain] INFO  o.s.b.w.e.tomcat.TomcatWebServer - Tomcat started on port(s): 9996 (http) with context path ''
2018-06-19 16:31:54 6026 [restartedMain] INFO  com.hlc.sell.SellApplication - Started SellApplication in 5.667 seconds (JVM running for 8.499)
2018-06-19 16:31:58 10133 [http-nio-9996-exec-1] INFO  o.a.c.c.C.[Tomcat].[localhost].[/] - Initializing Spring FrameworkServlet 'dispatcherServlet'
2018-06-19 16:31:58 10133 [http-nio-9996-exec-1] INFO  o.s.web.servlet.DispatcherServlet - FrameworkServlet 'dispatcherServlet': initialization started
2018-06-19 16:31:58 10160 [http-nio-9996-exec-1] INFO  o.s.web.servlet.DispatcherServlet - FrameworkServlet 'dispatcherServlet': initialization completed in 26 ms
2018-06-19 16:54:53 1095 [restartedMain] INFO  com.hlc.sell.SellApplication - Starting SellApplication on LAPTOP-0K25HBL2 with PID 9804 (D:\spring\wesell\target\classes started by rjyx in D:\spring\wesell)
2018-06-19 16:54:53 1097 [restartedMain] INFO  com.hlc.sell.SellApplication - No active profile set, falling back to default profiles: default
2018-06-19 16:54:53 1273 [restartedMain] INFO  o.s.b.w.s.c.AnnotationConfigServletWebServerApplicationContext - Refreshing org.springframework.boot.web.servlet.context.AnnotationConfigServletWebServerApplicationContext@27796383: startup date [Tue Jun 19 16:54:53 CST 2018]; root of context hierarchy
2018-06-19 16:54:54 2082 [restartedMain] INFO  o.s.b.f.s.DefaultListableBeanFactory - Overriding bean definition for bean 'filterRegistrationBean' with a different definition: replacing [Root bean: class [null]; scope=; abstract=false; lazyInit=false; autowireMode=3; dependencyCheck=0; autowireCandidate=true; primary=false; factoryBeanName=druidConfig; factoryMethodName=filterRegistrationBean; initMethodName=null; destroyMethodName=(inferred); defined in class path resource [com/hlc/sell/config/DruidConfig.class]] with [Root bean: class [null]; scope=; abstract=false; lazyInit=false; autowireMode=3; dependencyCheck=0; autowireCandidate=true; primary=false; factoryBeanName=com.alibaba.druid.spring.boot.autoconfigure.DruidWebStatFilterConfiguration; factoryMethodName=filterRegistrationBean; initMethodName=null; destroyMethodName=(inferred); defined in class path resource [com/alibaba/druid/spring/boot/autoconfigure/DruidWebStatFilterConfiguration.class]]
2018-06-19 16:54:54 2738 [restartedMain] INFO  o.s.b.w.e.tomcat.TomcatWebServer - Tomcat initialized with port(s): 9996 (http)
2018-06-19 16:54:54 2749 [restartedMain] INFO  o.a.coyote.http11.Http11NioProtocol - Initializing ProtocolHandler ["http-nio-9996"]
2018-06-19 16:54:54 2759 [restartedMain] INFO  o.a.catalina.core.StandardService - Starting service [Tomcat]
2018-06-19 16:54:54 2759 [restartedMain] INFO  o.a.catalina.core.StandardEngine - Starting Servlet Engine: Apache Tomcat/8.5.31
2018-06-19 16:54:54 2762 [localhost-startStop-1] INFO  o.a.c.core.AprLifecycleListener - The APR based Apache Tomcat Native library which allows optimal performance in production environments was not found on the java.library.path: [C:\Program Files\Java\jdk1.8.0_151\bin;C:\WINDOWS\Sun\Java\bin;C:\WINDOWS\system32;C:\WINDOWS;C:\ProgramData\Oracle\Java\javapath;C:\Program Files (x86)\Intel\iCLS Client\;C:\Program Files\Intel\iCLS Client\;C:\WINDOWS\system32;C:\WINDOWS;C:\WINDOWS\System32\Wbem;C:\WINDOWS\System32\WindowsPowerShell\v1.0\;C:\Program Files (x86)\Intel\Intel(R) Management Engine Components\DAL;C:\Program Files\Intel\Intel(R) Management Engine Components\DAL;C:\Program Files (x86)\Intel\Intel(R) Management Engine Components\IPT;C:\Program Files\Intel\Intel(R) Management Engine Components\IPT;C:\Program Files\Microsoft SQL Server\110\DTS\Binn\;C:\Program Files (x86)\Microsoft SQL Server\110\Tools\Binn\;C:\Program Files\Microsoft SQL Server\110\Tools\Binn\;C:\Program Files (x86)\Microsoft SQL Server\110\Tools\Binn\ManagementStudio\;C:\Program Files (x86)\Microsoft Visual Studio 10.0\Common7\IDE\PrivateAssemblies\;C:\Program Files (x86)\Microsoft SQL Server\110\DTS\Binn\;C:\Users\rjyx.000\.dnx\bin;C:\Program Files\Microsoft DNX\Dnvm\;C:\Program Files\Microsoft SQL Server\120\Tools\Binn\;"C:\Program Files\Java\jdk1.8.0_151\bin;C:\Program Files\Java\jdk1.8.0_151\jre\bin;";"C:\Program Files\Apache Software Foundation\Tomcat 8.5\lib;C:\Program Files\Apache Software Foundation\Tomcat 8.5\bin";C:\Program Files (x86)\NVIDIA Corporation\PhysX\Common;C:\Program Files\Microsoft SQL Server\130\Tools\Binn\;C:\Program Files\nodejs\;D:\mongodb\bin;D:\node\node-global;C:\Program Files\Intel\WiFi\bin\;C:\Program Files\Common Files\Intel\WirelessCommon\;C:\WINDOWS\system32;C:\WINDOWS;C:\WINDOWS\System32\Wbem;C:\WINDOWS\System32\WindowsPowerShell\v1.0\;C:\WINDOWS\System32\OpenSSH\;C:\Users\rjyx.000\AppData\Local\Microsoft\WindowsApps;C:\Program Files\nodejs\node_modules\npm;D:\node\node-global\;;.]
2018-06-19 16:54:54 2857 [localhost-startStop-1] INFO  o.a.c.c.C.[Tomcat].[localhost].[/] - Initializing Spring embedded WebApplicationContext
2018-06-19 16:54:54 2857 [localhost-startStop-1] INFO  o.s.web.context.ContextLoader - Root WebApplicationContext: initialization completed in 1584 ms
2018-06-19 16:54:55 3017 [localhost-startStop-1] INFO  o.s.b.w.s.ServletRegistrationBean - Servlet statViewServlet mapped to [/druid/*]
2018-06-19 16:54:55 3018 [localhost-startStop-1] INFO  o.s.b.w.s.ServletRegistrationBean - Servlet dispatcherServlet mapped to [/]
2018-06-19 16:54:55 3019 [localhost-startStop-1] INFO  o.s.b.w.s.ServletRegistrationBean - Servlet statViewServlet mapped to [/druid/*]
2018-06-19 16:54:55 3019 [localhost-startStop-1] INFO  o.s.b.web.servlet.RegistrationBean - Servlet statViewServlet was not registered (possibly already registered?)
2018-06-19 16:54:55 3021 [localhost-startStop-1] INFO  o.s.b.w.s.FilterRegistrationBean - Mapping filter: 'characterEncodingFilter' to: [/*]
2018-06-19 16:54:55 3021 [localhost-startStop-1] INFO  o.s.b.w.s.FilterRegistrationBean - Mapping filter: 'webStatFilter' to urls: [/*]
2018-06-19 16:54:55 3550 [restartedMain] INFO  c.a.druid.pool.DruidDataSource - {dataSource-1} inited
2018-06-19 16:54:55 3739 [restartedMain] INFO  o.s.w.s.m.m.a.RequestMappingHandlerMapping - Mapped "{[/buyer/order/create]}" onto public java.lang.String com.hlc.sell.controller.BuyerOrderController.create(javax.servlet.http.HttpServletRequest,org.springframework.ui.Model)
2018-06-19 16:54:55 3741 [restartedMain] INFO  o.s.w.s.m.m.a.RequestMappingHandlerMapping - Mapped "{[/file]}" onto public java.lang.String com.hlc.sell.controller.FileUploadController.file()
2018-06-19 16:54:55 3742 [restartedMain] INFO  o.s.w.s.m.m.a.RequestMappingHandlerMapping - Mapped "{[/download],methods=[GET]}" onto public java.lang.String com.hlc.sell.controller.FileUploadController.Download()
2018-06-19 16:54:55 3742 [restartedMain] INFO  o.s.w.s.m.m.a.RequestMappingHandlerMapping - Mapped "{[/downfile],methods=[GET]}" onto public void com.hlc.sell.controller.FileUploadController.downloadFile(org.springframework.web.multipart.MultipartFile,javax.servlet.http.HttpServletResponse)
2018-06-19 16:54:55 3742 [restartedMain] INFO  o.s.w.s.m.m.a.RequestMappingHandlerMapping - Mapped "{[/multifile]}" onto public java.lang.String com.hlc.sell.controller.FileUploadController.multifile()
2018-06-19 16:54:55 3742 [restartedMain] INFO  o.s.w.s.m.m.a.RequestMappingHandlerMapping - Mapped "{[/multifileUpload],methods=[POST]}" onto public java.lang.String com.hlc.sell.controller.FileUploadController.multifileUpload(javax.servlet.http.HttpServletRequest)
2018-06-19 16:54:55 3743 [restartedMain] INFO  o.s.w.s.m.m.a.RequestMappingHandlerMapping - Mapped "{[/fileUpload]}" onto public java.lang.String com.hlc.sell.controller.FileUploadController.fileUpload(org.springframework.web.multipart.MultipartFile)
2018-06-19 16:54:55 3743 [restartedMain] INFO  o.s.w.s.m.m.a.RequestMappingHandlerMapping - Mapped "{[/index]}" onto private java.lang.String com.hlc.sell.controller.HelloController.index()
2018-06-19 16:54:55 3749 [restartedMain] INFO  o.s.w.s.m.m.a.RequestMappingHandlerMapping - Mapped "{[/error]}" onto public org.springframework.http.ResponseEntity<java.util.Map<java.lang.String, java.lang.Object>> org.springframework.boot.autoconfigure.web.servlet.error.BasicErrorController.error(javax.servlet.http.HttpServletRequest)
2018-06-19 16:54:55 3750 [restartedMain] INFO  o.s.w.s.m.m.a.RequestMappingHandlerMapping - Mapped "{[/error],produces=[text/html]}" onto public org.springframework.web.servlet.ModelAndView org.springframework.boot.autoconfigure.web.servlet.error.BasicErrorController.errorHtml(javax.servlet.http.HttpServletRequest,javax.servlet.http.HttpServletResponse)
2018-06-19 16:54:55 3821 [restartedMain] INFO  o.s.w.s.m.m.a.RequestMappingHandlerAdapter - Looking for @ControllerAdvice: org.springframework.boot.web.servlet.context.AnnotationConfigServletWebServerApplicationContext@27796383: startup date [Tue Jun 19 16:54:53 CST 2018]; root of context hierarchy
2018-06-19 16:54:55 3923 [restartedMain] INFO  t.m.m.a.MapperCacheDisabler - Clear tk.mybatis.mapper.util.MsUtil CLASS_CACHE cache.
2018-06-19 16:54:55 3924 [restartedMain] INFO  t.m.m.a.MapperCacheDisabler - Clear tk.mybatis.mapper.genid.GenIdUtil CACHE cache.
2018-06-19 16:54:55 3925 [restartedMain] INFO  t.m.m.a.MapperCacheDisabler - Clear tk.mybatis.mapper.version.VersionUtil CACHE cache.
2018-06-19 16:54:55 3927 [restartedMain] INFO  t.m.m.a.MapperCacheDisabler - Clear EntityHelper entityTableMap cache.
2018-06-19 16:54:56 4242 [restartedMain] INFO  o.s.b.d.a.OptionalLiveReloadServer - LiveReload server is running on port 35729
2018-06-19 16:54:56 4279 [restartedMain] INFO  o.s.j.e.a.AnnotationMBeanExporter - Registering beans for JMX exposure on startup
2018-06-19 16:54:56 4280 [restartedMain] INFO  o.s.j.e.a.AnnotationMBeanExporter - Bean with name 'druidDataSource' has been autodetected for JMX exposure
2018-06-19 16:54:56 4284 [restartedMain] INFO  o.s.j.e.a.AnnotationMBeanExporter - Located MBean 'druidDataSource': registering with JMX server as MBean [com.alibaba.druid.pool:name=druidDataSource,type=DruidDataSource]
2018-06-19 16:54:56 4294 [restartedMain] INFO  o.a.coyote.http11.Http11NioProtocol - Starting ProtocolHandler ["http-nio-9996"]
2018-06-19 16:54:56 4302 [restartedMain] INFO  o.a.tomcat.util.net.NioSelectorPool - Using a shared selector for servlet write/read
2018-06-19 16:54:56 4323 [restartedMain] INFO  o.s.b.w.e.tomcat.TomcatWebServer - Tomcat started on port(s): 9996 (http) with context path ''
2018-06-19 16:54:56 4328 [restartedMain] INFO  com.hlc.sell.SellApplication - Started SellApplication in 4.087 seconds (JVM running for 5.858)
2018-06-19 16:55:00 8644 [http-nio-9996-exec-1] INFO  o.a.c.c.C.[Tomcat].[localhost].[/] - Initializing Spring FrameworkServlet 'dispatcherServlet'
2018-06-19 16:55:00 8644 [http-nio-9996-exec-1] INFO  o.s.web.servlet.DispatcherServlet - FrameworkServlet 'dispatcherServlet': initialization started
2018-06-19 16:55:00 8665 [http-nio-9996-exec-1] INFO  o.s.web.servlet.DispatcherServlet - FrameworkServlet 'dispatcherServlet': initialization completed in 21 ms
2018-06-19 17:15:02 1354 [restartedMain] INFO  com.hlc.sell.SellApplication - Starting SellApplication on LAPTOP-0K25HBL2 with PID 19672 (D:\spring\wesell\target\classes started by rjyx in D:\spring\wesell)
2018-06-19 17:15:02 1356 [restartedMain] INFO  com.hlc.sell.SellApplication - No active profile set, falling back to default profiles: default
2018-06-19 17:15:03 1512 [restartedMain] INFO  o.s.b.w.s.c.AnnotationConfigServletWebServerApplicationContext - Refreshing org.springframework.boot.web.servlet.context.AnnotationConfigServletWebServerApplicationContext@27796383: startup date [Tue Jun 19 17:15:03 CST 2018]; root of context hierarchy
2018-06-19 17:15:03 2405 [restartedMain] INFO  o.s.b.f.s.DefaultListableBeanFactory - Overriding bean definition for bean 'filterRegistrationBean' with a different definition: replacing [Root bean: class [null]; scope=; abstract=false; lazyInit=false; autowireMode=3; dependencyCheck=0; autowireCandidate=true; primary=false; factoryBeanName=druidConfig; factoryMethodName=filterRegistrationBean; initMethodName=null; destroyMethodName=(inferred); defined in class path resource [com/hlc/sell/config/DruidConfig.class]] with [Root bean: class [null]; scope=; abstract=false; lazyInit=false; autowireMode=3; dependencyCheck=0; autowireCandidate=true; primary=false; factoryBeanName=com.alibaba.druid.spring.boot.autoconfigure.DruidWebStatFilterConfiguration; factoryMethodName=filterRegistrationBean; initMethodName=null; destroyMethodName=(inferred); defined in class path resource [com/alibaba/druid/spring/boot/autoconfigure/DruidWebStatFilterConfiguration.class]]
2018-06-19 17:15:04 3440 [restartedMain] INFO  o.s.b.w.e.tomcat.TomcatWebServer - Tomcat initialized with port(s): 9996 (http)
2018-06-19 17:15:04 3458 [restartedMain] INFO  o.a.coyote.http11.Http11NioProtocol - Initializing ProtocolHandler ["http-nio-9996"]
2018-06-19 17:15:04 3472 [restartedMain] INFO  o.a.catalina.core.StandardService - Starting service [Tomcat]
2018-06-19 17:15:04 3472 [restartedMain] INFO  o.a.catalina.core.StandardEngine - Starting Servlet Engine: Apache Tomcat/8.5.31
2018-06-19 17:15:05 3477 [localhost-startStop-1] INFO  o.a.c.core.AprLifecycleListener - The APR based Apache Tomcat Native library which allows optimal performance in production environments was not found on the java.library.path: [C:\Program Files\Java\jdk1.8.0_151\bin;C:\WINDOWS\Sun\Java\bin;C:\WINDOWS\system32;C:\WINDOWS;C:\ProgramData\Oracle\Java\javapath;C:\Program Files (x86)\Intel\iCLS Client\;C:\Program Files\Intel\iCLS Client\;C:\WINDOWS\system32;C:\WINDOWS;C:\WINDOWS\System32\Wbem;C:\WINDOWS\System32\WindowsPowerShell\v1.0\;C:\Program Files (x86)\Intel\Intel(R) Management Engine Components\DAL;C:\Program Files\Intel\Intel(R) Management Engine Components\DAL;C:\Program Files (x86)\Intel\Intel(R) Management Engine Components\IPT;C:\Program Files\Intel\Intel(R) Management Engine Components\IPT;C:\Program Files\Microsoft SQL Server\110\DTS\Binn\;C:\Program Files (x86)\Microsoft SQL Server\110\Tools\Binn\;C:\Program Files\Microsoft SQL Server\110\Tools\Binn\;C:\Program Files (x86)\Microsoft SQL Server\110\Tools\Binn\ManagementStudio\;C:\Program Files (x86)\Microsoft Visual Studio 10.0\Common7\IDE\PrivateAssemblies\;C:\Program Files (x86)\Microsoft SQL Server\110\DTS\Binn\;C:\Users\rjyx.000\.dnx\bin;C:\Program Files\Microsoft DNX\Dnvm\;C:\Program Files\Microsoft SQL Server\120\Tools\Binn\;"C:\Program Files\Java\jdk1.8.0_151\bin;C:\Program Files\Java\jdk1.8.0_151\jre\bin;";"C:\Program Files\Apache Software Foundation\Tomcat 8.5\lib;C:\Program Files\Apache Software Foundation\Tomcat 8.5\bin";C:\Program Files (x86)\NVIDIA Corporation\PhysX\Common;C:\Program Files\Microsoft SQL Server\130\Tools\Binn\;C:\Program Files\nodejs\;D:\mongodb\bin;D:\node\node-global;C:\Program Files\Intel\WiFi\bin\;C:\Program Files\Common Files\Intel\WirelessCommon\;C:\WINDOWS\system32;C:\WINDOWS;C:\WINDOWS\System32\Wbem;C:\WINDOWS\System32\WindowsPowerShell\v1.0\;C:\WINDOWS\System32\OpenSSH\;C:\Users\rjyx.000\AppData\Local\Microsoft\WindowsApps;C:\Program Files\nodejs\node_modules\npm;D:\node\node-global\;;.]
2018-06-19 17:15:05 3636 [localhost-startStop-1] INFO  o.a.c.c.C.[Tomcat].[localhost].[/] - Initializing Spring embedded WebApplicationContext
2018-06-19 17:15:05 3636 [localhost-startStop-1] INFO  o.s.web.context.ContextLoader - Root WebApplicationContext: initialization completed in 2124 ms
2018-06-19 17:15:05 3864 [localhost-startStop-1] INFO  o.s.b.w.s.ServletRegistrationBean - Servlet statViewServlet mapped to [/druid/*]
2018-06-19 17:15:05 3866 [localhost-startStop-1] INFO  o.s.b.w.s.ServletRegistrationBean - Servlet dispatcherServlet mapped to [/]
2018-06-19 17:15:05 3867 [localhost-startStop-1] INFO  o.s.b.w.s.ServletRegistrationBean - Servlet statViewServlet mapped to [/druid/*]
2018-06-19 17:15:05 3867 [localhost-startStop-1] INFO  o.s.b.web.servlet.RegistrationBean - Servlet statViewServlet was not registered (possibly already registered?)
2018-06-19 17:15:05 3872 [localhost-startStop-1] INFO  o.s.b.w.s.FilterRegistrationBean - Mapping filter: 'characterEncodingFilter' to: [/*]
2018-06-19 17:15:05 3873 [localhost-startStop-1] INFO  o.s.b.w.s.FilterRegistrationBean - Mapping filter: 'webStatFilter' to urls: [/*]
2018-06-19 17:15:05 4397 [restartedMain] INFO  c.a.druid.pool.DruidDataSource - {dataSource-1} inited
2018-06-19 17:15:06 4634 [restartedMain] INFO  o.s.w.s.m.m.a.RequestMappingHandlerMapping - Mapped "{[/buyer/order/create]}" onto public java.lang.String com.hlc.sell.controller.BuyerOrderController.create(javax.servlet.http.HttpServletRequest,org.springframework.ui.Model)
2018-06-19 17:15:06 4636 [restartedMain] INFO  o.s.w.s.m.m.a.RequestMappingHandlerMapping - Mapped "{[/file]}" onto public java.lang.String com.hlc.sell.controller.FileUploadController.file()
2018-06-19 17:15:06 4636 [restartedMain] INFO  o.s.w.s.m.m.a.RequestMappingHandlerMapping - Mapped "{[/download],methods=[GET]}" onto public java.lang.String com.hlc.sell.controller.FileUploadController.Download()
2018-06-19 17:15:06 4636 [restartedMain] INFO  o.s.w.s.m.m.a.RequestMappingHandlerMapping - Mapped "{[/fileUpload]}" onto public java.lang.String com.hlc.sell.controller.FileUploadController.fileUpload(org.springframework.web.multipart.MultipartFile)
2018-06-19 17:15:06 4637 [restartedMain] INFO  o.s.w.s.m.m.a.RequestMappingHandlerMapping - Mapped "{[/multifile]}" onto public java.lang.String com.hlc.sell.controller.FileUploadController.multifile()
2018-06-19 17:15:06 4637 [restartedMain] INFO  o.s.w.s.m.m.a.RequestMappingHandlerMapping - Mapped "{[/multifileUpload],methods=[POST]}" onto public java.lang.String com.hlc.sell.controller.FileUploadController.multifileUpload(javax.servlet.http.HttpServletRequest)
2018-06-19 17:15:06 4637 [restartedMain] INFO  o.s.w.s.m.m.a.RequestMappingHandlerMapping - Mapped "{[/downfile],methods=[GET]}" onto public java.lang.String com.hlc.sell.controller.FileUploadController.downloadFile(javax.servlet.http.HttpServletResponse)
2018-06-19 17:15:06 4638 [restartedMain] INFO  o.s.w.s.m.m.a.RequestMappingHandlerMapping - Mapped "{[/index]}" onto private java.lang.String com.hlc.sell.controller.HelloController.index()
2018-06-19 17:15:06 4644 [restartedMain] INFO  o.s.w.s.m.m.a.RequestMappingHandlerMapping - Mapped "{[/error]}" onto public org.springframework.http.ResponseEntity<java.util.Map<java.lang.String, java.lang.Object>> org.springframework.boot.autoconfigure.web.servlet.error.BasicErrorController.error(javax.servlet.http.HttpServletRequest)
2018-06-19 17:15:06 4645 [restartedMain] INFO  o.s.w.s.m.m.a.RequestMappingHandlerMapping - Mapped "{[/error],produces=[text/html]}" onto public org.springframework.web.servlet.ModelAndView org.springframework.boot.autoconfigure.web.servlet.error.BasicErrorController.errorHtml(javax.servlet.http.HttpServletRequest,javax.servlet.http.HttpServletResponse)
2018-06-19 17:15:06 4725 [restartedMain] INFO  o.s.w.s.m.m.a.RequestMappingHandlerAdapter - Looking for @ControllerAdvice: org.springframework.boot.web.servlet.context.AnnotationConfigServletWebServerApplicationContext@27796383: startup date [Tue Jun 19 17:15:03 CST 2018]; root of context hierarchy
2018-06-19 17:15:06 4859 [restartedMain] INFO  t.m.m.a.MapperCacheDisabler - Clear tk.mybatis.mapper.util.MsUtil CLASS_CACHE cache.
2018-06-19 17:15:06 4860 [restartedMain] INFO  t.m.m.a.MapperCacheDisabler - Clear tk.mybatis.mapper.genid.GenIdUtil CACHE cache.
2018-06-19 17:15:06 4860 [restartedMain] INFO  t.m.m.a.MapperCacheDisabler - Clear tk.mybatis.mapper.version.VersionUtil CACHE cache.
2018-06-19 17:15:06 4863 [restartedMain] INFO  t.m.m.a.MapperCacheDisabler - Clear EntityHelper entityTableMap cache.
2018-06-19 17:15:06 5333 [restartedMain] INFO  o.s.b.d.a.OptionalLiveReloadServer - LiveReload server is running on port 35729
2018-06-19 17:15:06 5384 [restartedMain] INFO  o.s.j.e.a.AnnotationMBeanExporter - Registering beans for JMX exposure on startup
2018-06-19 17:15:06 5385 [restartedMain] INFO  o.s.j.e.a.AnnotationMBeanExporter - Bean with name 'druidDataSource' has been autodetected for JMX exposure
2018-06-19 17:15:06 5393 [restartedMain] INFO  o.s.j.e.a.AnnotationMBeanExporter - Located MBean 'druidDataSource': registering with JMX server as MBean [com.alibaba.druid.pool:name=druidDataSource,type=DruidDataSource]
2018-06-19 17:15:06 5408 [restartedMain] INFO  o.a.coyote.http11.Http11NioProtocol - Starting ProtocolHandler ["http-nio-9996"]
2018-06-19 17:15:06 5421 [restartedMain] INFO  o.a.tomcat.util.net.NioSelectorPool - Using a shared selector for servlet write/read
2018-06-19 17:15:06 5438 [restartedMain] INFO  o.s.b.w.e.tomcat.TomcatWebServer - Tomcat started on port(s): 9996 (http) with context path ''
2018-06-19 17:15:06 5444 [restartedMain] INFO  com.hlc.sell.SellApplication - Started SellApplication in 5.105 seconds (JVM running for 7.315)
2018-06-19 17:15:28 26802 [http-nio-9996-exec-1] INFO  o.a.c.c.C.[Tomcat].[localhost].[/] - Initializing Spring FrameworkServlet 'dispatcherServlet'
2018-06-19 17:15:28 26803 [http-nio-9996-exec-1] INFO  o.s.web.servlet.DispatcherServlet - FrameworkServlet 'dispatcherServlet': initialization started
2018-06-19 17:15:28 26828 [http-nio-9996-exec-1] INFO  o.s.web.servlet.DispatcherServlet - FrameworkServlet 'dispatcherServlet': initialization completed in 25 ms
2018-06-19 17:15:32 30896 [http-nio-9996-exec-2] INFO  c.h.s.c.FileUploadController - D:/sellUpload/3.txt
2018-06-19 17:15:32 30897 [http-nio-9996-exec-2] INFO  c.h.s.c.FileUploadController - .txt
2018-06-19 17:35:36 1235087 [http-nio-9996-exec-10] INFO  c.h.s.c.FileUploadController - D:/sellUpload/3.txt
2018-06-19 17:35:36 1235087 [http-nio-9996-exec-10] INFO  c.h.s.c.FileUploadController - .txt
2018-06-19 17:37:59 1236 [restartedMain] INFO  com.hlc.sell.SellApplication - Starting SellApplication on LAPTOP-0K25HBL2 with PID 14316 (D:\spring\wesell\target\classes started by rjyx in D:\spring\wesell)
2018-06-19 17:37:59 1238 [restartedMain] INFO  com.hlc.sell.SellApplication - No active profile set, falling back to default profiles: default
2018-06-19 17:37:59 1414 [restartedMain] INFO  o.s.b.w.s.c.AnnotationConfigServletWebServerApplicationContext - Refreshing org.springframework.boot.web.servlet.context.AnnotationConfigServletWebServerApplicationContext@44c62f15: startup date [Tue Jun 19 17:37:59 CST 2018]; root of context hierarchy
2018-06-19 17:38:00 2112 [restartedMain] INFO  o.s.b.f.s.DefaultListableBeanFactory - Overriding bean definition for bean 'filterRegistrationBean' with a different definition: replacing [Root bean: class [null]; scope=; abstract=false; lazyInit=false; autowireMode=3; dependencyCheck=0; autowireCandidate=true; primary=false; factoryBeanName=druidConfig; factoryMethodName=filterRegistrationBean; initMethodName=null; destroyMethodName=(inferred); defined in class path resource [com/hlc/sell/config/DruidConfig.class]] with [Root bean: class [null]; scope=; abstract=false; lazyInit=false; autowireMode=3; dependencyCheck=0; autowireCandidate=true; primary=false; factoryBeanName=com.alibaba.druid.spring.boot.autoconfigure.DruidWebStatFilterConfiguration; factoryMethodName=filterRegistrationBean; initMethodName=null; destroyMethodName=(inferred); defined in class path resource [com/alibaba/druid/spring/boot/autoconfigure/DruidWebStatFilterConfiguration.class]]
2018-06-19 17:38:01 2864 [restartedMain] INFO  o.s.b.w.e.tomcat.TomcatWebServer - Tomcat initialized with port(s): 9996 (http)
2018-06-19 17:38:01 2875 [restartedMain] INFO  o.a.coyote.http11.Http11NioProtocol - Initializing ProtocolHandler ["http-nio-9996"]
2018-06-19 17:38:01 2884 [restartedMain] INFO  o.a.catalina.core.StandardService - Starting service [Tomcat]
2018-06-19 17:38:01 2885 [restartedMain] INFO  o.a.catalina.core.StandardEngine - Starting Servlet Engine: Apache Tomcat/8.5.31
2018-06-19 17:38:01 2888 [localhost-startStop-1] INFO  o.a.c.core.AprLifecycleListener - The APR based Apache Tomcat Native library which allows optimal performance in production environments was not found on the java.library.path: [C:\Program Files\Java\jdk1.8.0_151\bin;C:\WINDOWS\Sun\Java\bin;C:\WINDOWS\system32;C:\WINDOWS;C:\ProgramData\Oracle\Java\javapath;C:\Program Files (x86)\Intel\iCLS Client\;C:\Program Files\Intel\iCLS Client\;C:\WINDOWS\system32;C:\WINDOWS;C:\WINDOWS\System32\Wbem;C:\WINDOWS\System32\WindowsPowerShell\v1.0\;C:\Program Files (x86)\Intel\Intel(R) Management Engine Components\DAL;C:\Program Files\Intel\Intel(R) Management Engine Components\DAL;C:\Program Files (x86)\Intel\Intel(R) Management Engine Components\IPT;C:\Program Files\Intel\Intel(R) Management Engine Components\IPT;C:\Program Files\Microsoft SQL Server\110\DTS\Binn\;C:\Program Files (x86)\Microsoft SQL Server\110\Tools\Binn\;C:\Program Files\Microsoft SQL Server\110\Tools\Binn\;C:\Program Files (x86)\Microsoft SQL Server\110\Tools\Binn\ManagementStudio\;C:\Program Files (x86)\Microsoft Visual Studio 10.0\Common7\IDE\PrivateAssemblies\;C:\Program Files (x86)\Microsoft SQL Server\110\DTS\Binn\;C:\Users\rjyx.000\.dnx\bin;C:\Program Files\Microsoft DNX\Dnvm\;C:\Program Files\Microsoft SQL Server\120\Tools\Binn\;"C:\Program Files\Java\jdk1.8.0_151\bin;C:\Program Files\Java\jdk1.8.0_151\jre\bin;";"C:\Program Files\Apache Software Foundation\Tomcat 8.5\lib;C:\Program Files\Apache Software Foundation\Tomcat 8.5\bin";C:\Program Files (x86)\NVIDIA Corporation\PhysX\Common;C:\Program Files\Microsoft SQL Server\130\Tools\Binn\;C:\Program Files\nodejs\;D:\mongodb\bin;D:\node\node-global;C:\Program Files\Intel\WiFi\bin\;C:\Program Files\Common Files\Intel\WirelessCommon\;C:\WINDOWS\system32;C:\WINDOWS;C:\WINDOWS\System32\Wbem;C:\WINDOWS\System32\WindowsPowerShell\v1.0\;C:\WINDOWS\System32\OpenSSH\;C:\Users\rjyx.000\AppData\Local\Microsoft\WindowsApps;C:\Program Files\nodejs\node_modules\npm;D:\node\node-global\;;.]
2018-06-19 17:38:01 2990 [localhost-startStop-1] INFO  o.a.c.c.C.[Tomcat].[localhost].[/] - Initializing Spring embedded WebApplicationContext
2018-06-19 17:38:01 2990 [localhost-startStop-1] INFO  o.s.web.context.ContextLoader - Root WebApplicationContext: initialization completed in 1577 ms
2018-06-19 17:38:01 3126 [localhost-startStop-1] INFO  o.s.b.w.s.ServletRegistrationBean - Servlet statViewServlet mapped to [/druid/*]
2018-06-19 17:38:01 3127 [localhost-startStop-1] INFO  o.s.b.w.s.ServletRegistrationBean - Servlet dispatcherServlet mapped to [/]
2018-06-19 17:38:01 3128 [localhost-startStop-1] INFO  o.s.b.w.s.ServletRegistrationBean - Servlet statViewServlet mapped to [/druid/*]
2018-06-19 17:38:01 3128 [localhost-startStop-1] INFO  o.s.b.web.servlet.RegistrationBean - Servlet statViewServlet was not registered (possibly already registered?)
2018-06-19 17:38:01 3130 [localhost-startStop-1] INFO  o.s.b.w.s.FilterRegistrationBean - Mapping filter: 'characterEncodingFilter' to: [/*]
2018-06-19 17:38:01 3130 [localhost-startStop-1] INFO  o.s.b.w.s.FilterRegistrationBean - Mapping filter: 'webStatFilter' to urls: [/*]
2018-06-19 17:38:01 3548 [restartedMain] INFO  c.a.druid.pool.DruidDataSource - {dataSource-1} inited
2018-06-19 17:38:01 3727 [restartedMain] INFO  o.s.w.s.m.m.a.RequestMappingHandlerMapping - Mapped "{[/buyer/order/create]}" onto public java.lang.String com.hlc.sell.controller.BuyerOrderController.create(javax.servlet.http.HttpServletRequest,org.springframework.ui.Model)
2018-06-19 17:38:01 3729 [restartedMain] INFO  o.s.w.s.m.m.a.RequestMappingHandlerMapping - Mapped "{[/file]}" onto public java.lang.String com.hlc.sell.controller.FileUploadController.file()
2018-06-19 17:38:01 3729 [restartedMain] INFO  o.s.w.s.m.m.a.RequestMappingHandlerMapping - Mapped "{[/downfile],methods=[GET]}" onto public java.lang.String com.hlc.sell.controller.FileUploadController.downloadFile(javax.servlet.http.HttpServletResponse)
2018-06-19 17:38:01 3729 [restartedMain] INFO  o.s.w.s.m.m.a.RequestMappingHandlerMapping - Mapped "{[/fileUpload]}" onto public java.lang.String com.hlc.sell.controller.FileUploadController.fileUpload(org.springframework.web.multipart.MultipartFile)
2018-06-19 17:38:01 3729 [restartedMain] INFO  o.s.w.s.m.m.a.RequestMappingHandlerMapping - Mapped "{[/download],methods=[GET]}" onto public java.lang.String com.hlc.sell.controller.FileUploadController.Download()
2018-06-19 17:38:01 3729 [restartedMain] INFO  o.s.w.s.m.m.a.RequestMappingHandlerMapping - Mapped "{[/multifile]}" onto public java.lang.String com.hlc.sell.controller.FileUploadController.multifile()
2018-06-19 17:38:01 3730 [restartedMain] INFO  o.s.w.s.m.m.a.RequestMappingHandlerMapping - Mapped "{[/multifileUpload],methods=[POST]}" onto public java.lang.String com.hlc.sell.controller.FileUploadController.multifileUpload(javax.servlet.http.HttpServletRequest)
2018-06-19 17:38:01 3730 [restartedMain] INFO  o.s.w.s.m.m.a.RequestMappingHandlerMapping - Mapped "{[/index]}" onto private java.lang.String com.hlc.sell.controller.HelloController.index()
2018-06-19 17:38:01 3734 [restartedMain] INFO  o.s.w.s.m.m.a.RequestMappingHandlerMapping - Mapped "{[/error]}" onto public org.springframework.http.ResponseEntity<java.util.Map<java.lang.String, java.lang.Object>> org.springframework.boot.autoconfigure.web.servlet.error.BasicErrorController.error(javax.servlet.http.HttpServletRequest)
2018-06-19 17:38:01 3735 [restartedMain] INFO  o.s.w.s.m.m.a.RequestMappingHandlerMapping - Mapped "{[/error],produces=[text/html]}" onto public org.springframework.web.servlet.ModelAndView org.springframework.boot.autoconfigure.web.servlet.error.BasicErrorController.errorHtml(javax.servlet.http.HttpServletRequest,javax.servlet.http.HttpServletResponse)
2018-06-19 17:38:02 3793 [restartedMain] INFO  o.s.w.s.m.m.a.RequestMappingHandlerAdapter - Looking for @ControllerAdvice: org.springframework.boot.web.servlet.context.AnnotationConfigServletWebServerApplicationContext@44c62f15: startup date [Tue Jun 19 17:37:59 CST 2018]; root of context hierarchy
2018-06-19 17:38:02 3887 [restartedMain] INFO  t.m.m.a.MapperCacheDisabler - Clear tk.mybatis.mapper.util.MsUtil CLASS_CACHE cache.
2018-06-19 17:38:02 3887 [restartedMain] INFO  t.m.m.a.MapperCacheDisabler - Clear tk.mybatis.mapper.genid.GenIdUtil CACHE cache.
2018-06-19 17:38:02 3888 [restartedMain] INFO  t.m.m.a.MapperCacheDisabler - Clear tk.mybatis.mapper.version.VersionUtil CACHE cache.
2018-06-19 17:38:02 3891 [restartedMain] INFO  t.m.m.a.MapperCacheDisabler - Clear EntityHelper entityTableMap cache.
2018-06-19 17:38:02 4189 [restartedMain] INFO  o.s.b.d.a.OptionalLiveReloadServer - LiveReload server is running on port 35729
2018-06-19 17:38:02 4220 [restartedMain] INFO  o.s.j.e.a.AnnotationMBeanExporter - Registering beans for JMX exposure on startup
2018-06-19 17:38:02 4221 [restartedMain] INFO  o.s.j.e.a.AnnotationMBeanExporter - Bean with name 'druidDataSource' has been autodetected for JMX exposure
2018-06-19 17:38:02 4226 [restartedMain] INFO  o.s.j.e.a.AnnotationMBeanExporter - Located MBean 'druidDataSource': registering with JMX server as MBean [com.alibaba.druid.pool:name=druidDataSource,type=DruidDataSource]
2018-06-19 17:38:02 4235 [restartedMain] INFO  o.a.coyote.http11.Http11NioProtocol - Starting ProtocolHandler ["http-nio-9996"]
2018-06-19 17:38:02 4244 [restartedMain] INFO  o.a.tomcat.util.net.NioSelectorPool - Using a shared selector for servlet write/read
2018-06-19 17:38:02 4257 [restartedMain] INFO  o.s.b.w.e.tomcat.TomcatWebServer - Tomcat started on port(s): 9996 (http) with context path ''
2018-06-19 17:38:02 4263 [restartedMain] INFO  com.hlc.sell.SellApplication - Started SellApplication in 3.916 seconds (JVM running for 6.045)
2018-06-19 17:38:10 12711 [http-nio-9996-exec-1] INFO  o.a.c.c.C.[Tomcat].[localhost].[/] - Initializing Spring FrameworkServlet 'dispatcherServlet'
2018-06-19 17:38:10 12711 [http-nio-9996-exec-1] INFO  o.s.web.servlet.DispatcherServlet - FrameworkServlet 'dispatcherServlet': initialization started
2018-06-19 17:38:10 12734 [http-nio-9996-exec-1] INFO  o.s.web.servlet.DispatcherServlet - FrameworkServlet 'dispatcherServlet': initialization completed in 23 ms
2018-06-19 17:39:54 1155 [restartedMain] INFO  com.hlc.sell.SellApplication - Starting SellApplication on LAPTOP-0K25HBL2 with PID 18396 (D:\spring\wesell\target\classes started by rjyx in D:\spring\wesell)
2018-06-19 17:39:55 1217 [restartedMain] INFO  com.hlc.sell.SellApplication - No active profile set, falling back to default profiles: default
2018-06-19 17:39:55 1448 [restartedMain] INFO  o.s.b.w.s.c.AnnotationConfigServletWebServerApplicationContext - Refreshing org.springframework.boot.web.servlet.context.AnnotationConfigServletWebServerApplicationContext@26dcf0ed: startup date [Tue Jun 19 17:39:55 CST 2018]; root of context hierarchy
2018-06-19 17:39:55 2129 [restartedMain] INFO  o.s.b.f.s.DefaultListableBeanFactory - Overriding bean definition for bean 'filterRegistrationBean' with a different definition: replacing [Root bean: class [null]; scope=; abstract=false; lazyInit=false; autowireMode=3; dependencyCheck=0; autowireCandidate=true; primary=false; factoryBeanName=druidConfig; factoryMethodName=filterRegistrationBean; initMethodName=null; destroyMethodName=(inferred); defined in class path resource [com/hlc/sell/config/DruidConfig.class]] with [Root bean: class [null]; scope=; abstract=false; lazyInit=false; autowireMode=3; dependencyCheck=0; autowireCandidate=true; primary=false; factoryBeanName=com.alibaba.druid.spring.boot.autoconfigure.DruidWebStatFilterConfiguration; factoryMethodName=filterRegistrationBean; initMethodName=null; destroyMethodName=(inferred); defined in class path resource [com/alibaba/druid/spring/boot/autoconfigure/DruidWebStatFilterConfiguration.class]]
2018-06-19 17:39:56 2812 [restartedMain] INFO  o.s.b.w.e.tomcat.TomcatWebServer - Tomcat initialized with port(s): 9996 (http)
2018-06-19 17:39:56 2826 [restartedMain] INFO  o.a.coyote.http11.Http11NioProtocol - Initializing ProtocolHandler ["http-nio-9996"]
2018-06-19 17:39:56 2835 [restartedMain] INFO  o.a.catalina.core.StandardService - Starting service [Tomcat]
2018-06-19 17:39:56 2835 [restartedMain] INFO  o.a.catalina.core.StandardEngine - Starting Servlet Engine: Apache Tomcat/8.5.31
2018-06-19 17:39:56 2840 [localhost-startStop-1] INFO  o.a.c.core.AprLifecycleListener - The APR based Apache Tomcat Native library which allows optimal performance in production environments was not found on the java.library.path: [C:\Program Files\Java\jdk1.8.0_151\bin;C:\WINDOWS\Sun\Java\bin;C:\WINDOWS\system32;C:\WINDOWS;C:\ProgramData\Oracle\Java\javapath;C:\Program Files (x86)\Intel\iCLS Client\;C:\Program Files\Intel\iCLS Client\;C:\WINDOWS\system32;C:\WINDOWS;C:\WINDOWS\System32\Wbem;C:\WINDOWS\System32\WindowsPowerShell\v1.0\;C:\Program Files (x86)\Intel\Intel(R) Management Engine Components\DAL;C:\Program Files\Intel\Intel(R) Management Engine Components\DAL;C:\Program Files (x86)\Intel\Intel(R) Management Engine Components\IPT;C:\Program Files\Intel\Intel(R) Management Engine Components\IPT;C:\Program Files\Microsoft SQL Server\110\DTS\Binn\;C:\Program Files (x86)\Microsoft SQL Server\110\Tools\Binn\;C:\Program Files\Microsoft SQL Server\110\Tools\Binn\;C:\Program Files (x86)\Microsoft SQL Server\110\Tools\Binn\ManagementStudio\;C:\Program Files (x86)\Microsoft Visual Studio 10.0\Common7\IDE\PrivateAssemblies\;C:\Program Files (x86)\Microsoft SQL Server\110\DTS\Binn\;C:\Users\rjyx.000\.dnx\bin;C:\Program Files\Microsoft DNX\Dnvm\;C:\Program Files\Microsoft SQL Server\120\Tools\Binn\;"C:\Program Files\Java\jdk1.8.0_151\bin;C:\Program Files\Java\jdk1.8.0_151\jre\bin;";"C:\Program Files\Apache Software Foundation\Tomcat 8.5\lib;C:\Program Files\Apache Software Foundation\Tomcat 8.5\bin";C:\Program Files (x86)\NVIDIA Corporation\PhysX\Common;C:\Program Files\Microsoft SQL Server\130\Tools\Binn\;C:\Program Files\nodejs\;D:\mongodb\bin;D:\node\node-global;C:\Program Files\Intel\WiFi\bin\;C:\Program Files\Common Files\Intel\WirelessCommon\;C:\WINDOWS\system32;C:\WINDOWS;C:\WINDOWS\System32\Wbem;C:\WINDOWS\System32\WindowsPowerShell\v1.0\;C:\WINDOWS\System32\OpenSSH\;C:\Users\rjyx.000\AppData\Local\Microsoft\WindowsApps;C:\Program Files\nodejs\node_modules\npm;D:\node\node-global\;;.]
2018-06-19 17:39:56 2966 [localhost-startStop-1] INFO  o.a.c.c.C.[Tomcat].[localhost].[/] - Initializing Spring embedded WebApplicationContext
2018-06-19 17:39:56 2966 [localhost-startStop-1] INFO  o.s.web.context.ContextLoader - Root WebApplicationContext: initialization completed in 1518 ms
2018-06-19 17:39:56 3115 [localhost-startStop-1] INFO  o.s.b.w.s.ServletRegistrationBean - Servlet statViewServlet mapped to [/druid/*]
2018-06-19 17:39:56 3116 [localhost-startStop-1] INFO  o.s.b.w.s.ServletRegistrationBean - Servlet dispatcherServlet mapped to [/]
2018-06-19 17:39:56 3117 [localhost-startStop-1] INFO  o.s.b.w.s.ServletRegistrationBean - Servlet statViewServlet mapped to [/druid/*]
2018-06-19 17:39:56 3117 [localhost-startStop-1] INFO  o.s.b.web.servlet.RegistrationBean - Servlet statViewServlet was not registered (possibly already registered?)
2018-06-19 17:39:56 3120 [localhost-startStop-1] INFO  o.s.b.w.s.FilterRegistrationBean - Mapping filter: 'characterEncodingFilter' to: [/*]
2018-06-19 17:39:56 3120 [localhost-startStop-1] INFO  o.s.b.w.s.FilterRegistrationBean - Mapping filter: 'webStatFilter' to urls: [/*]
2018-06-19 17:39:57 3471 [restartedMain] INFO  c.a.druid.pool.DruidDataSource - {dataSource-1} inited
2018-06-19 17:39:57 3674 [restartedMain] INFO  o.s.w.s.m.m.a.RequestMappingHandlerMapping - Mapped "{[/buyer/order/create]}" onto public java.lang.String com.hlc.sell.controller.BuyerOrderController.create(javax.servlet.http.HttpServletRequest,org.springframework.ui.Model)
2018-06-19 17:39:57 3676 [restartedMain] INFO  o.s.w.s.m.m.a.RequestMappingHandlerMapping - Mapped "{[/file]}" onto public java.lang.String com.hlc.sell.controller.FileUploadController.file()
2018-06-19 17:39:57 3676 [restartedMain] INFO  o.s.w.s.m.m.a.RequestMappingHandlerMapping - Mapped "{[/download],methods=[GET]}" onto public java.lang.String com.hlc.sell.controller.FileUploadController.Download()
2018-06-19 17:39:57 3677 [restartedMain] INFO  o.s.w.s.m.m.a.RequestMappingHandlerMapping - Mapped "{[/fileUpload]}" onto public java.lang.String com.hlc.sell.controller.FileUploadController.fileUpload(org.springframework.web.multipart.MultipartFile)
2018-06-19 17:39:57 3678 [restartedMain] INFO  o.s.w.s.m.m.a.RequestMappingHandlerMapping - Mapped "{[/multifileUpload],methods=[POST]}" onto public java.lang.String com.hlc.sell.controller.FileUploadController.multifileUpload(javax.servlet.http.HttpServletRequest)
2018-06-19 17:39:57 3678 [restartedMain] INFO  o.s.w.s.m.m.a.RequestMappingHandlerMapping - Mapped "{[/multifile]}" onto public java.lang.String com.hlc.sell.controller.FileUploadController.multifile()
2018-06-19 17:39:57 3678 [restartedMain] INFO  o.s.w.s.m.m.a.RequestMappingHandlerMapping - Mapped "{[/downfile],methods=[GET]}" onto public java.lang.String com.hlc.sell.controller.FileUploadController.downloadFile(javax.servlet.http.HttpServletResponse)
2018-06-19 17:39:57 3679 [restartedMain] INFO  o.s.w.s.m.m.a.RequestMappingHandlerMapping - Mapped "{[/index]}" onto private java.lang.String com.hlc.sell.controller.HelloController.index()
2018-06-19 17:39:57 3684 [restartedMain] INFO  o.s.w.s.m.m.a.RequestMappingHandlerMapping - Mapped "{[/error]}" onto public org.springframework.http.ResponseEntity<java.util.Map<java.lang.String, java.lang.Object>> org.springframework.boot.autoconfigure.web.servlet.error.BasicErrorController.error(javax.servlet.http.HttpServletRequest)
2018-06-19 17:39:57 3684 [restartedMain] INFO  o.s.w.s.m.m.a.RequestMappingHandlerMapping - Mapped "{[/error],produces=[text/html]}" onto public org.springframework.web.servlet.ModelAndView org.springframework.boot.autoconfigure.web.servlet.error.BasicErrorController.errorHtml(javax.servlet.http.HttpServletRequest,javax.servlet.http.HttpServletResponse)
2018-06-19 17:39:57 3749 [restartedMain] INFO  o.s.w.s.m.m.a.RequestMappingHandlerAdapter - Looking for @ControllerAdvice: org.springframework.boot.web.servlet.context.AnnotationConfigServletWebServerApplicationContext@26dcf0ed: startup date [Tue Jun 19 17:39:55 CST 2018]; root of context hierarchy
2018-06-19 17:39:57 3850 [restartedMain] INFO  t.m.m.a.MapperCacheDisabler - Clear tk.mybatis.mapper.util.MsUtil CLASS_CACHE cache.
2018-06-19 17:39:57 3850 [restartedMain] INFO  t.m.m.a.MapperCacheDisabler - Clear tk.mybatis.mapper.genid.GenIdUtil CACHE cache.
2018-06-19 17:39:57 3851 [restartedMain] INFO  t.m.m.a.MapperCacheDisabler - Clear tk.mybatis.mapper.version.VersionUtil CACHE cache.
2018-06-19 17:39:57 3852 [restartedMain] INFO  t.m.m.a.MapperCacheDisabler - Clear EntityHelper entityTableMap cache.
2018-06-19 17:39:58 4185 [restartedMain] INFO  o.s.b.d.a.OptionalLiveReloadServer - LiveReload server is running on port 35729
2018-06-19 17:39:58 4214 [restartedMain] INFO  o.s.j.e.a.AnnotationMBeanExporter - Registering beans for JMX exposure on startup
2018-06-19 17:39:58 4215 [restartedMain] INFO  o.s.j.e.a.AnnotationMBeanExporter - Bean with name 'druidDataSource' has been autodetected for JMX exposure
2018-06-19 17:39:58 4220 [restartedMain] INFO  o.s.j.e.a.AnnotationMBeanExporter - Located MBean 'druidDataSource': registering with JMX server as MBean [com.alibaba.druid.pool:name=druidDataSource,type=DruidDataSource]
2018-06-19 17:39:58 4229 [restartedMain] INFO  o.a.coyote.http11.Http11NioProtocol - Starting ProtocolHandler ["http-nio-9996"]
2018-06-19 17:39:58 4238 [restartedMain] INFO  o.a.tomcat.util.net.NioSelectorPool - Using a shared selector for servlet write/read
2018-06-19 17:39:58 4251 [restartedMain] INFO  o.s.b.w.e.tomcat.TomcatWebServer - Tomcat started on port(s): 9996 (http) with context path ''
2018-06-19 17:39:58 4254 [restartedMain] INFO  com.hlc.sell.SellApplication - Started SellApplication in 4.004 seconds (JVM running for 5.805)
2018-06-19 17:40:10 16372 [http-nio-9996-exec-2] INFO  o.a.c.c.C.[Tomcat].[localhost].[/] - Initializing Spring FrameworkServlet 'dispatcherServlet'
2018-06-19 17:40:10 16373 [http-nio-9996-exec-2] INFO  o.s.web.servlet.DispatcherServlet - FrameworkServlet 'dispatcherServlet': initialization started
2018-06-19 17:40:10 16401 [http-nio-9996-exec-2] INFO  o.s.web.servlet.DispatcherServlet - FrameworkServlet 'dispatcherServlet': initialization completed in 28 ms
2018-06-19 17:42:35 161688 [http-nio-9996-exec-4] INFO  c.h.s.c.FileUploadController - D:/sellUpload/3.txt
2018-06-19 17:42:35 161688 [http-nio-9996-exec-4] INFO  c.h.s.c.FileUploadController - .txt
2018-06-19 17:42:35 161948 [http-nio-9996-exec-5] INFO  c.h.s.c.FileUploadController - D:/sellUpload/3.txt
2018-06-19 17:42:35 161948 [http-nio-9996-exec-5] INFO  c.h.s.c.FileUploadController - .txt
2018-06-19 17:42:40 166982 [http-nio-9996-exec-7] INFO  c.h.s.c.FileUploadController - D:/sellUpload/3.txt
2018-06-19 17:42:40 166982 [http-nio-9996-exec-7] INFO  c.h.s.c.FileUploadController - .txt
2018-06-19 17:43:43 229763 [http-nio-9996-exec-1] INFO  c.h.s.c.FileUploadController - D:/sellUpload/3.txt
2018-06-19 17:43:43 229763 [http-nio-9996-exec-1] INFO  c.h.s.c.FileUploadController - .txt
2018-06-19 17:43:43 230049 [http-nio-9996-exec-4] INFO  c.h.s.c.FileUploadController - D:/sellUpload/3.txt
2018-06-19 17:43:43 230049 [http-nio-9996-exec-4] INFO  c.h.s.c.FileUploadController - .txt
2018-06-19 17:43:48 235092 [http-nio-9996-exec-5] INFO  c.h.s.c.FileUploadController - D:/sellUpload/3.txt
2018-06-19 17:43:48 235092 [http-nio-9996-exec-5] INFO  c.h.s.c.FileUploadController - .txt
